<?xml version="1.0" encoding="UTF-8"?>
<testng-results skipped="0" failed="0" total="1" passed="1">
  <reporter-output>
  </reporter-output>
  <suite name="Suite" duration-ms="96711" started-at="2016-08-18T10:34:44Z" finished-at="2016-08-18T10:36:21Z">
    <groups>
    </groups>
    <test name="RUN1" duration-ms="96711" started-at="2016-08-18T10:34:44Z" finished-at="2016-08-18T10:36:21Z">
      <class name="pack.Configuration">
        <test-method status="PASS" signature="setupDriver(java.lang.String, java.lang.String)[pri:0, instance:pack.Configuration@2c6a3f77]" name="setupDriver" is-config="true" duration-ms="13563" started-at="2016-08-18T06:34:44Z" finished-at="2016-08-18T06:34:58Z">
          <params>
            <param index="0">
              <value>
                <![CDATA[8TVK8T6S9SNFHEQ4]]>
              </value>
            </param>
            <param index="1">
              <value>
                <![CDATA[5.1.1]]>
              </value>
            </param>
          </params>
          <reporter-output>
          </reporter-output>
        </test-method> <!-- setupDriver -->
        <test-method status="PASS" signature="searchTescoStore()[pri:0, instance:pack.Configuration@2c6a3f77]" name="searchTescoStore" duration-ms="83140" started-at="2016-08-18T06:34:58Z" finished-at="2016-08-18T06:36:21Z">
          <reporter-output>
          </reporter-output>
        </test-method> <!-- searchTescoStore -->
      </class> <!-- pack.Configuration -->
    </test> <!-- RUN1 -->
  </suite> <!-- Suite -->
</testng-results>
