<?xml version="1.0" encoding="UTF-8"?>
<!-- Generated by org.testng.reporters.JUnitXMLReporter -->
<testsuite hostname="rdtfbb9" name="RUN2" tests="1" failures="1" timestamp="13 Aug 2016 16:29:25 GMT" time="99.773" errors="0">
  <testcase name="searchTescoStore" time="81.067" classname="pack.Configuration">
    <failure type="org.openqa.selenium.remote.SessionNotFoundException" message="
Command duration or timeout: 443 milliseconds
Build info: version: &amp;apos;2.48.2&amp;apos;, revision: &amp;apos;41bccdd10cf2c0560f637404c2d96164b67d9d67&amp;apos;, time: &amp;apos;2015-10-09 13:08:06&amp;apos;
System info: host: &amp;apos;rdtfbb9&amp;apos;, ip: &amp;apos;9.42.206.23&amp;apos;, os.name: &amp;apos;Windows 7&amp;apos;, os.arch: &amp;apos;amd64&amp;apos;, os.version: &amp;apos;6.1&amp;apos;, java.version: &amp;apos;1.8.0_74&amp;apos;
Driver info: io.appium.java_client.android.AndroidDriver
Capabilities [{appPackage=com.tesco.grocery.view, networkConnectionEnabled=true, warnings={}, databaseEnabled=false, deviceName=emulator-5554, version=5.1.1, platform=ANDROID, appActivity=md50c9efa6bac9366ed33bd663294b9f0f7.TabSplashScreenActivity, desired={appPackage=com.tesco.grocery.view, appActivity=md50c9efa6bac9366ed33bd663294b9f0f7.TabSplashScreenActivity, BROWSER_NAME=Android, platformVersion=4.3.1, automationName=Appium, platformName=Android, deviceName=emulator-5554, version=5.1.1, platform=ANDROID}, platformVersion=4.3.1, BROWSER_NAME=Android, webStorageEnabled=false, locationContextEnabled=false, automationName=Appium, browserName=Android, takesScreenshot=true, javascriptEnabled=true, platformName=Android}]
Session ID: 5e5136e6-68d7-474c-9ced-df44ee6b8182">
      <![CDATA[org.openqa.selenium.remote.SessionNotFoundException: 
Command duration or timeout: 443 milliseconds
Build info: version: '2.48.2', revision: '41bccdd10cf2c0560f637404c2d96164b67d9d67', time: '2015-10-09 13:08:06'
System info: host: 'rdtfbb9', ip: '9.42.206.23', os.name: 'Windows 7', os.arch: 'amd64', os.version: '6.1', java.version: '1.8.0_74'
Driver info: io.appium.java_client.android.AndroidDriver
Capabilities [{appPackage=com.tesco.grocery.view, networkConnectionEnabled=true, warnings={}, databaseEnabled=false, deviceName=emulator-5554, version=5.1.1, platform=ANDROID, appActivity=md50c9efa6bac9366ed33bd663294b9f0f7.TabSplashScreenActivity, desired={appPackage=com.tesco.grocery.view, appActivity=md50c9efa6bac9366ed33bd663294b9f0f7.TabSplashScreenActivity, BROWSER_NAME=Android, platformVersion=4.3.1, automationName=Appium, platformName=Android, deviceName=emulator-5554, version=5.1.1, platform=ANDROID}, platformVersion=4.3.1, BROWSER_NAME=Android, webStorageEnabled=false, locationContextEnabled=false, automationName=Appium, browserName=Android, takesScreenshot=true, javascriptEnabled=true, platformName=Android}]
Session ID: 5e5136e6-68d7-474c-9ced-df44ee6b8182
	at org.openqa.selenium.remote.ErrorHandler.createThrowable(ErrorHandler.java:206)
	at org.openqa.selenium.remote.ErrorHandler.throwIfResponseFailed(ErrorHandler.java:164)
	at org.openqa.selenium.remote.RemoteWebDriver.execute(RemoteWebDriver.java:647)
	at io.appium.java_client.DefaultGenericMobileDriver.execute(DefaultGenericMobileDriver.java:42)
	at io.appium.java_client.AppiumDriver.execute(AppiumDriver.java:1)
	at io.appium.java_client.android.AndroidDriver.execute(AndroidDriver.java:1)
	at org.openqa.selenium.remote.RemoteWebElement.execute(RemoteWebElement.java:326)
	at io.appium.java_client.DefaultGenericMobileElement.execute(DefaultGenericMobileElement.java:44)
	at io.appium.java_client.MobileElement.execute(MobileElement.java:1)
	at io.appium.java_client.android.AndroidElement.execute(AndroidElement.java:1)
	at org.openqa.selenium.remote.RemoteWebElement.click(RemoteWebElement.java:84)
	at pack.SearchTescoStore.searchTesco(SearchTescoStore.java:14)
	at pack.Configuration.searchTescoStore(Configuration.java:64)
	at java.util.concurrent.FutureTask.run(Unknown Source)
	at java.util.concurrent.ThreadPoolExecutor.runWorker(Unknown Source)
	at java.util.concurrent.ThreadPoolExecutor$Worker.run(Unknown Source)
	at java.lang.Thread.run(Unknown Source)
... Removed 20 stack frames]]>
    </failure>
  </testcase> <!-- searchTescoStore -->
</testsuite> <!-- RUN2 -->
